#
# A fatal error has been detected by the Java Runtime Environment:
#
#  EXCEPTION_ACCESS_VIOLATION (0xc0000005) at pc=0x00007ffb8ac1887a, pid=31852, tid=27728
#
# JRE version: OpenJDK Runtime Environment (12.0+33) (build 12+33)
# Java VM: OpenJDK 64-Bit Server VM (12+33, mixed mode, sharing, tiered, compressed oops, g1 gc, windows-amd64)
# Problematic frame:
# V  [jvm.dll+0x70887a]
#
# No core dump will be written. Minidumps are not enabled by default on client versions of Windows
#
# If you would like to submit a bug report, please visit:
#   http://bugreport.java.com/bugreport/crash.jsp
#

---------------  S U M M A R Y ------------

Command Line: -agentlib:jdwp=transport=dt_socket,suspend=y,address=localhost:56185 -javaagent:C:\Users\sdhal\Downloads\sts-4.6.0.RELEASE\configuration\org.eclipse.osgi\245\0\.cp\lib\javaagent-shaded.jar -Dfile.encoding=Cp1252 EventCustomerThread

Host: Intel(R) Core(TM) i7-8850H CPU @ 2.60GHz, 12 cores, 15G,  Windows 10 , 64 bit Build 17763 (10.0.17763.1158)
Time: Sun Jul  5 07:03:12 2020 India Standard Time elapsed time: 36696 seconds (0d 10h 11m 36s)

---------------  T H R E A D  ---------------

Current thread (0x000002ee77c13000):  JavaThread "JDWP Transport Listener: dt_socket" daemon [_thread_in_vm, id=27728, stack(0x000000fb3e700000,0x000000fb3e800000)] _threads_hazard_ptr=0x000002ee77eb7db0

Stack: [0x000000fb3e700000,0x000000fb3e800000],  sp=0x000000fb3e7feee0,  free space=1019k
Native frames: (J=compiled Java code, j=interpreted, Vv=VM code, C=native code)
V  [jvm.dll+0x70887a]
V  [jvm.dll+0x503b24]
V  [jvm.dll+0x791ab7]
V  [jvm.dll+0x4eafce]
V  [jvm.dll+0x4a4100]
C  [jdwp.dll+0x76f3]


siginfo: EXCEPTION_ACCESS_VIOLATION (0xc0000005), reading address 0x0000000000000000


Register to memory mapping:

RIP=0x00007ffb8ac1887a jvm.dll
RAX=0x000002ee775bd2b8 is pointing into metadata
RBX=0x0 is NULL
RCX=0x0 is NULL
RDX=0x0 is NULL
RSP=0x000000fb3e7feee0 is pointing into the stack for thread: 0x000002ee77c13000
RBP=0x000000fb3e7ff180 is pointing into the stack for thread: 0x000002ee77c13000
RSI=0x00000000000000ca is an unknown value
RDI=0x0 is NULL
R8 =0x0 is NULL
R9 =0x0 is NULL
R10=0x0 is NULL
R11=0x0 is NULL
R12=0x0 is NULL
R13=0x0 is NULL
R14={method} {0x000002ee775bd320} 'getStartTxDataFromKiot' '(Ljava/lang/String;)V' in 'EventCustomerThread'
R15=0x000002ee775bc994 is pointing into metadata


Registers:
RAX=0x000002ee775bd2b8, RBX=0x0000000000000000, RCX=0x0000000000000000, RDX=0x0000000000000000
RSP=0x000000fb3e7feee0, RBP=0x000000fb3e7ff180, RSI=0x00000000000000ca, RDI=0x0000000000000000
R8 =0x0000000000000000, R9 =0x0000000000000000, R10=0x0000000000000000, R11=0x0000000000000000
R12=0x0000000000000000, R13=0x0000000000000000, R14=0x000002ee775bd318, R15=0x000002ee775bc994
RIP=0x00007ffb8ac1887a, EFLAGS=0x0000000000010202

Top of Stack: (sp=0x000000fb3e7feee0)
0x000000fb3e7feee0:   000002ee5b1a8690 00007ffb00000000
0x000000fb3e7feef0:   000000fb3d7ff420 000000fb3d7ff3d8
0x000000fb3e7fef00:   0000000000000000 00007ffb8aa13b24
0x000000fb3e7fef10:   0000000000000000 0000000000000000
0x000000fb3e7fef20:   000000fb3d7ff3d8 000002ee5b1b0c45
0x000000fb3e7fef30:   000002ee5b1a8690 00007ffb00000000
0x000000fb3e7fef40:   000000fb3d7ff420 000000fb3d7ff3d8
0x000000fb3e7fef50:   000000fb3e7ff180 00007ffb8aa144fb
0x000000fb3e7fef60:   000002ee50ca3b00 000000fb3e7ff180
0x000000fb3e7fef70:   0000000000000000 000002ee77c13000
0x000000fb3e7fef80:   000002ee77a3ce90 00007ffb8aca1ab7
0x000000fb3e7fef90:   000000fb3e7ff180 0000000000000001
0x000000fb3e7fefa0:   00000000000003d8 000002ee77b73630
0x000000fb3e7fefb0:   000002ee50e40cc0 00007ffb0000000b
0x000000fb3e7fefc0:   00000000000001a0 000002ee50e42700
0x000000fb3e7fefd0:   000002ee50e40db0 0000000000000190 

Instructions: (pc=0x00007ffb8ac1887a)
0x00007ffb8ac1885a:   40 01 48 83 ea 01 75 ee 43 c6 04 10 00 49 8b c2
0x00007ffb8ac1886a:   c3 cc cc cc cc cc 48 89 5c 24 08 57 48 83 ec 20
0x00007ffb8ac1887a:   8b 01 48 8b f9 c1 e8 10 33 d2 8b d8 48 8d 48 01
0x00007ffb8ac1888a:   e8 51 1b f9 ff 8b 17 4c 8b c0 c1 ea 10 3b da 0f 


Stack slot to memory mapping:
stack at sp + 0 slots: 0x000002ee5b1a8690 is at code_begin+-112 in 
[CodeBlob (0x000002ee5b1a8690)]
Framesize: 0
BufferBlob (0x000002ee5b1a8690) used for Interpreter
stack at sp + 1 slots: 0x00007ffb00000000 is an unknown value
stack at sp + 2 slots: 0x000000fb3d7ff420 is pointing into the stack for thread: 0x000002ee51286800
stack at sp + 3 slots: 0x000000fb3d7ff3d8 is pointing into the stack for thread: 0x000002ee51286800
stack at sp + 4 slots: 0x0 is NULL
stack at sp + 5 slots: 0x00007ffb8aa13b24 jvm.dll
stack at sp + 6 slots: 0x0 is NULL
stack at sp + 7 slots: 0x0 is NULL


---------------  P R O C E S S  ---------------

Threads class SMR info:
_java_thread_list=0x000002ee77eb7db0, length=13, elements={
0x000002ee51286800, 0x000002ee779b6000, 0x000002ee779b9800, 0x000002ee779d9800,
0x000002ee779da800, 0x000002ee779e1800, 0x000002ee77a0e000, 0x000002ee77a10000,
0x000002ee7710c000, 0x000002ee77c13000, 0x000002ee77c0b800, 0x000002ee77c0c800,
0x000002ee77f89000
}

Java Threads: ( => current thread )
  0x000002ee51286800 JavaThread "main" [_thread_blocked, id=29992, stack(0x000000fb3d700000,0x000000fb3d800000)]
  0x000002ee779b6000 JavaThread "Reference Handler" daemon [_thread_blocked, id=20076, stack(0x000000fb3de00000,0x000000fb3df00000)]
  0x000002ee779b9800 JavaThread "Finalizer" daemon [_thread_blocked, id=18436, stack(0x000000fb3df00000,0x000000fb3e000000)]
  0x000002ee779d9800 JavaThread "Signal Dispatcher" daemon [_thread_blocked, id=30508, stack(0x000000fb3e000000,0x000000fb3e100000)]
  0x000002ee779da800 JavaThread "Attach Listener" daemon [_thread_blocked, id=19184, stack(0x000000fb3e100000,0x000000fb3e200000)]
  0x000002ee779e1800 JavaThread "C2 CompilerThread0" daemon [_thread_blocked, id=16624, stack(0x000000fb3e200000,0x000000fb3e300000)]
  0x000002ee77a0e000 JavaThread "C1 CompilerThread0" daemon [_thread_blocked, id=27260, stack(0x000000fb3e300000,0x000000fb3e400000)]
  0x000002ee77a10000 JavaThread "Sweeper thread" daemon [_thread_blocked, id=24096, stack(0x000000fb3e400000,0x000000fb3e500000)]
  0x000002ee7710c000 JavaThread "Common-Cleaner" daemon [_thread_blocked, id=31232, stack(0x000000fb3e500000,0x000000fb3e600000)]
=>0x000002ee77c13000 JavaThread "JDWP Transport Listener: dt_socket" daemon [_thread_in_vm, id=27728, stack(0x000000fb3e700000,0x000000fb3e800000)]
  0x000002ee77c0b800 JavaThread "JDWP Event Helper Thread" daemon [_thread_blocked, id=4216, stack(0x000000fb3e800000,0x000000fb3e900000)]
  0x000002ee77c0c800 JavaThread "JDWP Command Reader" daemon [_thread_in_native, id=8212, stack(0x000000fb3e900000,0x000000fb3ea00000)]
  0x000002ee77f89000 JavaThread "Service Thread" daemon [_thread_blocked, id=25528, stack(0x000000fb3ea00000,0x000000fb3eb00000)]

Other Threads:
  0x000002ee779b2000 VMThread "VM Thread" [stack: 0x000000fb3dd00000,0x000000fb3de00000] [id=26968]
  0x000002ee77cf5000 WatcherThread [stack: 0x000000fb3eb00000,0x000000fb3ec00000] [id=13724]
  0x000002ee512ed000 GCTaskThread "GC Thread#0" [stack: 0x000000fb3d800000,0x000000fb3d900000] [id=26572]
  0x000002ee51307800 ConcurrentGCThread "G1 Main Marker" [stack: 0x000000fb3d900000,0x000000fb3da00000] [id=20960]
  0x000002ee51309000 ConcurrentGCThread "G1 Conc#0" [stack: 0x000000fb3da00000,0x000000fb3db00000] [id=16504]
  0x000002ee77021800 ConcurrentGCThread "G1 Refine#0" [stack: 0x000000fb3db00000,0x000000fb3dc00000] [id=16948]
  0x000002ee77024800 ConcurrentGCThread "G1 Young RemSet Sampling" [stack: 0x000000fb3dc00000,0x000000fb3dd00000] [id=30568]

Threads with active compile tasks:

VM state:not at safepoint (normal execution)

VM Mutex/Monitor currently owned by a thread: None

Heap address: 0x0000000704a00000, size: 4022 MB, Compressed Oops mode: Zero based, Oop shift amount: 3
Narrow klass base: 0x0000000800000000, Narrow klass shift: 3
Compressed class space size: 1073741824 Address: 0x00000008011a0000

Heap:
 garbage-first heap   total 258048K, used 6144K [0x0000000704a00000, 0x0000000800000000)
  region size 1024K, 7 young (7168K), 0 survivors (0K)
 Metaspace       used 3090K, capacity 5127K, committed 5376K, reserved 1056768K
  class space    used 268K, capacity 449K, committed 512K, reserved 1048576K
Heap Regions: E=young(eden), S=young(survivor), O=old, HS=humongous(starts), HC=humongous(continues), CS=collection set, F=free, A=archive, TAMS=top-at-mark-start (previous, next)
|   0|0x0000000704a00000, 0x0000000704a00000, 0x0000000704b00000|  0%| F|  |TAMS 0x0000000704a00000, 0x0000000704a00000| Untracked 
|   1|0x0000000704b00000, 0x0000000704b00000, 0x0000000704c00000|  0%| F|  |TAMS 0x0000000704b00000, 0x0000000704b00000| Untracked 
|   2|0x0000000704c00000, 0x0000000704c00000, 0x0000000704d00000|  0%| F|  |TAMS 0x0000000704c00000, 0x0000000704c00000| Untracked 
|   3|0x0000000704d00000, 0x0000000704d00000, 0x0000000704e00000|  0%| F|  |TAMS 0x0000000704d00000, 0x0000000704d00000| Untracked 
|   4|0x0000000704e00000, 0x0000000704e00000, 0x0000000704f00000|  0%| F|  |TAMS 0x0000000704e00000, 0x0000000704e00000| Untracked 
|   5|0x0000000704f00000, 0x0000000704f00000, 0x0000000705000000|  0%| F|  |TAMS 0x0000000704f00000, 0x0000000704f00000| Untracked 
|   6|0x0000000705000000, 0x0000000705000000, 0x0000000705100000|  0%| F|  |TAMS 0x0000000705000000, 0x0000000705000000| Untracked 
|   7|0x0000000705100000, 0x0000000705100000, 0x0000000705200000|  0%| F|  |TAMS 0x0000000705100000, 0x0000000705100000| Untracked 
|   8|0x0000000705200000, 0x0000000705200000, 0x0000000705300000|  0%| F|  |TAMS 0x0000000705200000, 0x0000000705200000| Untracked 
|   9|0x0000000705300000, 0x0000000705300000, 0x0000000705400000|  0%| F|  |TAMS 0x0000000705300000, 0x0000000705300000| Untracked 
|  10|0x0000000705400000, 0x0000000705400000, 0x0000000705500000|  0%| F|  |TAMS 0x0000000705400000, 0x0000000705400000| Untracked 
|  11|0x0000000705500000, 0x0000000705500000, 0x0000000705600000|  0%| F|  |TAMS 0x0000000705500000, 0x0000000705500000| Untracked 
|  12|0x0000000705600000, 0x0000000705600000, 0x0000000705700000|  0%| F|  |TAMS 0x0000000705600000, 0x0000000705600000| Untracked 
|  13|0x0000000705700000, 0x0000000705700000, 0x0000000705800000|  0%| F|  |TAMS 0x0000000705700000, 0x0000000705700000| Untracked 
|  14|0x0000000705800000, 0x0000000705800000, 0x0000000705900000|  0%| F|  |TAMS 0x0000000705800000, 0x0000000705800000| Untracked 
|  15|0x0000000705900000, 0x0000000705900000, 0x0000000705a00000|  0%| F|  |TAMS 0x0000000705900000, 0x0000000705900000| Untracked 
|  16|0x0000000705a00000, 0x0000000705a00000, 0x0000000705b00000|  0%| F|  |TAMS 0x0000000705a00000, 0x0000000705a00000| Untracked 
|  17|0x0000000705b00000, 0x0000000705b00000, 0x0000000705c00000|  0%| F|  |TAMS 0x0000000705b00000, 0x0000000705b00000| Untracked 
|  18|0x0000000705c00000, 0x0000000705c00000, 0x0000000705d00000|  0%| F|  |TAMS 0x0000000705c00000, 0x0000000705c00000| Untracked 
|  19|0x0000000705d00000, 0x0000000705d00000, 0x0000000705e00000|  0%| F|  |TAMS 0x0000000705d00000, 0x0000000705d00000| Untracked 
|  20|0x0000000705e00000, 0x0000000705e00000, 0x0000000705f00000|  0%| F|  |TAMS 0x0000000705e00000, 0x0000000705e00000| Untracked 
|  21|0x0000000705f00000, 0x0000000705f00000, 0x0000000706000000|  0%| F|  |TAMS 0x0000000705f00000, 0x0000000705f00000| Untracked 
|  22|0x0000000706000000, 0x0000000706000000, 0x0000000706100000|  0%| F|  |TAMS 0x0000000706000000, 0x0000000706000000| Untracked 
|  23|0x0000000706100000, 0x0000000706100000, 0x0000000706200000|  0%| F|  |TAMS 0x0000000706100000, 0x0000000706100000| Untracked 
|  24|0x0000000706200000, 0x0000000706200000, 0x0000000706300000|  0%| F|  |TAMS 0x0000000706200000, 0x0000000706200000| Untracked 
|  25|0x0000000706300000, 0x0000000706300000, 0x0000000706400000|  0%| F|  |TAMS 0x0000000706300000, 0x0000000706300000| Untracked 
|  26|0x0000000706400000, 0x0000000706400000, 0x0000000706500000|  0%| F|  |TAMS 0x0000000706400000, 0x0000000706400000| Untracked 
|  27|0x0000000706500000, 0x0000000706500000, 0x0000000706600000|  0%| F|  |TAMS 0x0000000706500000, 0x0000000706500000| Untracked 
|  28|0x0000000706600000, 0x0000000706600000, 0x0000000706700000|  0%| F|  |TAMS 0x0000000706600000, 0x0000000706600000| Untracked 
|  29|0x0000000706700000, 0x0000000706700000, 0x0000000706800000|  0%| F|  |TAMS 0x0000000706700000, 0x0000000706700000| Untracked 
|  30|0x0000000706800000, 0x0000000706800000, 0x0000000706900000|  0%| F|  |TAMS 0x0000000706800000, 0x0000000706800000| Untracked 
|  31|0x0000000706900000, 0x0000000706900000, 0x0000000706a00000|  0%| F|  |TAMS 0x0000000706900000, 0x0000000706900000| Untracked 
|  32|0x0000000706a00000, 0x0000000706a00000, 0x0000000706b00000|  0%| F|  |TAMS 0x0000000706a00000, 0x0000000706a00000| Untracked 
|  33|0x0000000706b00000, 0x0000000706b00000, 0x0000000706c00000|  0%| F|  |TAMS 0x0000000706b00000, 0x0000000706b00000| Untracked 
|  34|0x0000000706c00000, 0x0000000706c00000, 0x0000000706d00000|  0%| F|  |TAMS 0x0000000706c00000, 0x0000000706c00000| Untracked 
|  35|0x0000000706d00000, 0x0000000706d00000, 0x0000000706e00000|  0%| F|  |TAMS 0x0000000706d00000, 0x0000000706d00000| Untracked 
|  36|0x0000000706e00000, 0x0000000706e00000, 0x0000000706f00000|  0%| F|  |TAMS 0x0000000706e00000, 0x0000000706e00000| Untracked 
|  37|0x0000000706f00000, 0x0000000706f00000, 0x0000000707000000|  0%| F|  |TAMS 0x0000000706f00000, 0x0000000706f00000| Untracked 
|  38|0x0000000707000000, 0x0000000707000000, 0x0000000707100000|  0%| F|  |TAMS 0x0000000707000000, 0x0000000707000000| Untracked 
|  39|0x0000000707100000, 0x0000000707100000, 0x0000000707200000|  0%| F|  |TAMS 0x0000000707100000, 0x0000000707100000| Untracked 
|  40|0x0000000707200000, 0x0000000707200000, 0x0000000707300000|  0%| F|  |TAMS 0x0000000707200000, 0x0000000707200000| Untracked 
|  41|0x0000000707300000, 0x0000000707300000, 0x0000000707400000|  0%| F|  |TAMS 0x0000000707300000, 0x0000000707300000| Untracked 
|  42|0x0000000707400000, 0x0000000707400000, 0x0000000707500000|  0%| F|  |TAMS 0x0000000707400000, 0x0000000707400000| Untracked 
|  43|0x0000000707500000, 0x0000000707500000, 0x0000000707600000|  0%| F|  |TAMS 0x0000000707500000, 0x0000000707500000| Untracked 
|  44|0x0000000707600000, 0x0000000707600000, 0x0000000707700000|  0%| F|  |TAMS 0x0000000707600000, 0x0000000707600000| Untracked 
|  45|0x0000000707700000, 0x0000000707700000, 0x0000000707800000|  0%| F|  |TAMS 0x0000000707700000, 0x0000000707700000| Untracked 
|  46|0x0000000707800000, 0x0000000707800000, 0x0000000707900000|  0%| F|  |TAMS 0x0000000707800000, 0x0000000707800000| Untracked 
|  47|0x0000000707900000, 0x0000000707900000, 0x0000000707a00000|  0%| F|  |TAMS 0x0000000707900000, 0x0000000707900000| Untracked 
|  48|0x0000000707a00000, 0x0000000707a00000, 0x0000000707b00000|  0%| F|  |TAMS 0x0000000707a00000, 0x0000000707a00000| Untracked 
|  49|0x0000000707b00000, 0x0000000707b00000, 0x0000000707c00000|  0%| F|  |TAMS 0x0000000707b00000, 0x0000000707b00000| Untracked 
|  50|0x0000000707c00000, 0x0000000707c00000, 0x0000000707d00000|  0%| F|  |TAMS 0x0000000707c00000, 0x0000000707c00000| Untracked 
|  51|0x0000000707d00000, 0x0000000707d00000, 0x0000000707e00000|  0%| F|  |TAMS 0x0000000707d00000, 0x0000000707d00000| Untracked 
|  52|0x0000000707e00000, 0x0000000707e00000, 0x0000000707f00000|  0%| F|  |TAMS 0x0000000707e00000, 0x0000000707e00000| Untracked 
|  53|0x0000000707f00000, 0x0000000707f00000, 0x0000000708000000|  0%| F|  |TAMS 0x0000000707f00000, 0x0000000707f00000| Untracked 
|  54|0x0000000708000000, 0x0000000708000000, 0x0000000708100000|  0%| F|  |TAMS 0x0000000708000000, 0x0000000708000000| Untracked 
|  55|0x0000000708100000, 0x0000000708100000, 0x0000000708200000|  0%| F|  |TAMS 0x0000000708100000, 0x0000000708100000| Untracked 
|  56|0x0000000708200000, 0x0000000708200000, 0x0000000708300000|  0%| F|  |TAMS 0x0000000708200000, 0x0000000708200000| Untracked 
|  57|0x0000000708300000, 0x0000000708300000, 0x0000000708400000|  0%| F|  |TAMS 0x0000000708300000, 0x0000000708300000| Untracked 
|  58|0x0000000708400000, 0x0000000708400000, 0x0000000708500000|  0%| F|  |TAMS 0x0000000708400000, 0x0000000708400000| Untracked 
|  59|0x0000000708500000, 0x0000000708500000, 0x0000000708600000|  0%| F|  |TAMS 0x0000000708500000, 0x0000000708500000| Untracked 
|  60|0x0000000708600000, 0x0000000708600000, 0x0000000708700000|  0%| F|  |TAMS 0x0000000708600000, 0x0000000708600000| Untracked 
|  61|0x0000000708700000, 0x0000000708700000, 0x0000000708800000|  0%| F|  |TAMS 0x0000000708700000, 0x0000000708700000| Untracked 
|  62|0x0000000708800000, 0x0000000708800000, 0x0000000708900000|  0%| F|  |TAMS 0x0000000708800000, 0x0000000708800000| Untracked 
|  63|0x0000000708900000, 0x0000000708900000, 0x0000000708a00000|  0%| F|  |TAMS 0x0000000708900000, 0x0000000708900000| Untracked 
|  64|0x0000000708a00000, 0x0000000708a00000, 0x0000000708b00000|  0%| F|  |TAMS 0x0000000708a00000, 0x0000000708a00000| Untracked 
|  65|0x0000000708b00000, 0x0000000708b00000, 0x0000000708c00000|  0%| F|  |TAMS 0x0000000708b00000, 0x0000000708b00000| Untracked 
|  66|0x0000000708c00000, 0x0000000708c00000, 0x0000000708d00000|  0%| F|  |TAMS 0x0000000708c00000, 0x0000000708c00000| Untracked 
|  67|0x0000000708d00000, 0x0000000708d00000, 0x0000000708e00000|  0%| F|  |TAMS 0x0000000708d00000, 0x0000000708d00000| Untracked 
|  68|0x0000000708e00000, 0x0000000708e00000, 0x0000000708f00000|  0%| F|  |TAMS 0x0000000708e00000, 0x0000000708e00000| Untracked 
|  69|0x0000000708f00000, 0x0000000708f00000, 0x0000000709000000|  0%| F|  |TAMS 0x0000000708f00000, 0x0000000708f00000| Untracked 
|  70|0x0000000709000000, 0x0000000709000000, 0x0000000709100000|  0%| F|  |TAMS 0x0000000709000000, 0x0000000709000000| Untracked 
|  71|0x0000000709100000, 0x0000000709100000, 0x0000000709200000|  0%| F|  |TAMS 0x0000000709100000, 0x0000000709100000| Untracked 
|  72|0x0000000709200000, 0x0000000709200000, 0x0000000709300000|  0%| F|  |TAMS 0x0000000709200000, 0x0000000709200000| Untracked 
|  73|0x0000000709300000, 0x0000000709300000, 0x0000000709400000|  0%| F|  |TAMS 0x0000000709300000, 0x0000000709300000| Untracked 
|  74|0x0000000709400000, 0x0000000709400000, 0x0000000709500000|  0%| F|  |TAMS 0x0000000709400000, 0x0000000709400000| Untracked 
|  75|0x0000000709500000, 0x0000000709500000, 0x0000000709600000|  0%| F|  |TAMS 0x0000000709500000, 0x0000000709500000| Untracked 
|  76|0x0000000709600000, 0x0000000709600000, 0x0000000709700000|  0%| F|  |TAMS 0x0000000709600000, 0x0000000709600000| Untracked 
|  77|0x0000000709700000, 0x0000000709700000, 0x0000000709800000|  0%| F|  |TAMS 0x0000000709700000, 0x0000000709700000| Untracked 
|  78|0x0000000709800000, 0x0000000709800000, 0x0000000709900000|  0%| F|  |TAMS 0x0000000709800000, 0x0000000709800000| Untracked 
|  79|0x0000000709900000, 0x0000000709900000, 0x0000000709a00000|  0%| F|  |TAMS 0x0000000709900000, 0x0000000709900000| Untracked 
|  80|0x0000000709a00000, 0x0000000709a00000, 0x0000000709b00000|  0%| F|  |TAMS 0x0000000709a00000, 0x0000000709a00000| Untracked 
|  81|0x0000000709b00000, 0x0000000709b00000, 0x0000000709c00000|  0%| F|  |TAMS 0x0000000709b00000, 0x0000000709b00000| Untracked 
|  82|0x0000000709c00000, 0x0000000709c00000, 0x0000000709d00000|  0%| F|  |TAMS 0x0000000709c00000, 0x0000000709c00000| Untracked 
|  83|0x0000000709d00000, 0x0000000709d00000, 0x0000000709e00000|  0%| F|  |TAMS 0x0000000709d00000, 0x0000000709d00000| Untracked 
|  84|0x0000000709e00000, 0x0000000709e00000, 0x0000000709f00000|  0%| F|  |TAMS 0x0000000709e00000, 0x0000000709e00000| Untracked 
|  85|0x0000000709f00000, 0x0000000709f00000, 0x000000070a000000|  0%| F|  |TAMS 0x0000000709f00000, 0x0000000709f00000| Untracked 
|  86|0x000000070a000000, 0x000000070a000000, 0x000000070a100000|  0%| F|  |TAMS 0x000000070a000000, 0x000000070a000000| Untracked 
|  87|0x000000070a100000, 0x000000070a100000, 0x000000070a200000|  0%| F|  |TAMS 0x000000070a100000, 0x000000070a100000| Untracked 
|  88|0x000000070a200000, 0x000000070a200000, 0x000000070a300000|  0%| F|  |TAMS 0x000000070a200000, 0x000000070a200000| Untracked 
|  89|0x000000070a300000, 0x000000070a300000, 0x000000070a400000|  0%| F|  |TAMS 0x000000070a300000, 0x000000070a300000| Untracked 
|  90|0x000000070a400000, 0x000000070a400000, 0x000000070a500000|  0%| F|  |TAMS 0x000000070a400000, 0x000000070a400000| Untracked 
|  91|0x000000070a500000, 0x000000070a500000, 0x000000070a600000|  0%| F|  |TAMS 0x000000070a500000, 0x000000070a500000| Untracked 
|  92|0x000000070a600000, 0x000000070a600000, 0x000000070a700000|  0%| F|  |TAMS 0x000000070a600000, 0x000000070a600000| Untracked 
|  93|0x000000070a700000, 0x000000070a700000, 0x000000070a800000|  0%| F|  |TAMS 0x000000070a700000, 0x000000070a700000| Untracked 
|  94|0x000000070a800000, 0x000000070a800000, 0x000000070a900000|  0%| F|  |TAMS 0x000000070a800000, 0x000000070a800000| Untracked 
|  95|0x000000070a900000, 0x000000070a900000, 0x000000070aa00000|  0%| F|  |TAMS 0x000000070a900000, 0x000000070a900000| Untracked 
|  96|0x000000070aa00000, 0x000000070aa00000, 0x000000070ab00000|  0%| F|  |TAMS 0x000000070aa00000, 0x000000070aa00000| Untracked 
|  97|0x000000070ab00000, 0x000000070ab00000, 0x000000070ac00000|  0%| F|  |TAMS 0x000000070ab00000, 0x000000070ab00000| Untracked 
|  98|0x000000070ac00000, 0x000000070ac00000, 0x000000070ad00000|  0%| F|  |TAMS 0x000000070ac00000, 0x000000070ac00000| Untracked 
|  99|0x000000070ad00000, 0x000000070ad00000, 0x000000070ae00000|  0%| F|  |TAMS 0x000000070ad00000, 0x000000070ad00000| Untracked 
| 100|0x000000070ae00000, 0x000000070ae00000, 0x000000070af00000|  0%| F|  |TAMS 0x000000070ae00000, 0x000000070ae00000| Untracked 
| 101|0x000000070af00000, 0x000000070af00000, 0x000000070b000000|  0%| F|  |TAMS 0x000000070af00000, 0x000000070af00000| Untracked 
| 102|0x000000070b000000, 0x000000070b000000, 0x000000070b100000|  0%| F|  |TAMS 0x000000070b000000, 0x000000070b000000| Untracked 
| 103|0x000000070b100000, 0x000000070b100000, 0x000000070b200000|  0%| F|  |TAMS 0x000000070b100000, 0x000000070b100000| Untracked 
| 104|0x000000070b200000, 0x000000070b200000, 0x000000070b300000|  0%| F|  |TAMS 0x000000070b200000, 0x000000070b200000| Untracked 
| 105|0x000000070b300000, 0x000000070b300000, 0x000000070b400000|  0%| F|  |TAMS 0x000000070b300000, 0x000000070b300000| Untracked 
| 106|0x000000070b400000, 0x000000070b400000, 0x000000070b500000|  0%| F|  |TAMS 0x000000070b400000, 0x000000070b400000| Untracked 
| 107|0x000000070b500000, 0x000000070b500000, 0x000000070b600000|  0%| F|  |TAMS 0x000000070b500000, 0x000000070b500000| Untracked 
| 108|0x000000070b600000, 0x000000070b600000, 0x000000070b700000|  0%| F|  |TAMS 0x000000070b600000, 0x000000070b600000| Untracked 
| 109|0x000000070b700000, 0x000000070b700000, 0x000000070b800000|  0%| F|  |TAMS 0x000000070b700000, 0x000000070b700000| Untracked 
| 110|0x000000070b800000, 0x000000070b800000, 0x000000070b900000|  0%| F|  |TAMS 0x000000070b800000, 0x000000070b800000| Untracked 
| 111|0x000000070b900000, 0x000000070b900000, 0x000000070ba00000|  0%| F|  |TAMS 0x000000070b900000, 0x000000070b900000| Untracked 
| 112|0x000000070ba00000, 0x000000070ba00000, 0x000000070bb00000|  0%| F|  |TAMS 0x000000070ba00000, 0x000000070ba00000| Untracked 
| 113|0x000000070bb00000, 0x000000070bb00000, 0x000000070bc00000|  0%| F|  |TAMS 0x000000070bb00000, 0x000000070bb00000| Untracked 
| 114|0x000000070bc00000, 0x000000070bc00000, 0x000000070bd00000|  0%| F|  |TAMS 0x000000070bc00000, 0x000000070bc00000| Untracked 
| 115|0x000000070bd00000, 0x000000070bd00000, 0x000000070be00000|  0%| F|  |TAMS 0x000000070bd00000, 0x000000070bd00000| Untracked 
| 116|0x000000070be00000, 0x000000070be00000, 0x000000070bf00000|  0%| F|  |TAMS 0x000000070be00000, 0x000000070be00000| Untracked 
| 117|0x000000070bf00000, 0x000000070bf00000, 0x000000070c000000|  0%| F|  |TAMS 0x000000070bf00000, 0x000000070bf00000| Untracked 
| 118|0x000000070c000000, 0x000000070c000000, 0x000000070c100000|  0%| F|  |TAMS 0x000000070c000000, 0x000000070c000000| Untracked 
| 119|0x000000070c100000, 0x000000070c100000, 0x000000070c200000|  0%| F|  |TAMS 0x000000070c100000, 0x000000070c100000| Untracked 
| 120|0x000000070c200000, 0x000000070c200000, 0x000000070c300000|  0%| F|  |TAMS 0x000000070c200000, 0x000000070c200000| Untracked 
| 121|0x000000070c300000, 0x000000070c300000, 0x000000070c400000|  0%| F|  |TAMS 0x000000070c300000, 0x000000070c300000| Untracked 
| 122|0x000000070c400000, 0x000000070c400000, 0x000000070c500000|  0%| F|  |TAMS 0x000000070c400000, 0x000000070c400000| Untracked 
| 123|0x000000070c500000, 0x000000070c500000, 0x000000070c600000|  0%| F|  |TAMS 0x000000070c500000, 0x000000070c500000| Untracked 
| 124|0x000000070c600000, 0x000000070c600000, 0x000000070c700000|  0%| F|  |TAMS 0x000000070c600000, 0x000000070c600000| Untracked 
| 125|0x000000070c700000, 0x000000070c700000, 0x000000070c800000|  0%| F|  |TAMS 0x000000070c700000, 0x000000070c700000| Untracked 
| 126|0x000000070c800000, 0x000000070c800000, 0x000000070c900000|  0%| F|  |TAMS 0x000000070c800000, 0x000000070c800000| Untracked 
| 127|0x000000070c900000, 0x000000070c900000, 0x000000070ca00000|  0%| F|  |TAMS 0x000000070c900000, 0x000000070c900000| Untracked 
| 128|0x000000070ca00000, 0x000000070ca00000, 0x000000070cb00000|  0%| F|  |TAMS 0x000000070ca00000, 0x000000070ca00000| Untracked 
| 129|0x000000070cb00000, 0x000000070cb00000, 0x000000070cc00000|  0%| F|  |TAMS 0x000000070cb00000, 0x000000070cb00000| Untracked 
| 130|0x000000070cc00000, 0x000000070cc00000, 0x000000070cd00000|  0%| F|  |TAMS 0x000000070cc00000, 0x000000070cc00000| Untracked 
| 131|0x000000070cd00000, 0x000000070cd00000, 0x000000070ce00000|  0%| F|  |TAMS 0x000000070cd00000, 0x000000070cd00000| Untracked 
| 132|0x000000070ce00000, 0x000000070ce00000, 0x000000070cf00000|  0%| F|  |TAMS 0x000000070ce00000, 0x000000070ce00000| Untracked 
| 133|0x000000070cf00000, 0x000000070cf00000, 0x000000070d000000|  0%| F|  |TAMS 0x000000070cf00000, 0x000000070cf00000| Untracked 
| 134|0x000000070d000000, 0x000000070d000000, 0x000000070d100000|  0%| F|  |TAMS 0x000000070d000000, 0x000000070d000000| Untracked 
| 135|0x000000070d100000, 0x000000070d100000, 0x000000070d200000|  0%| F|  |TAMS 0x000000070d100000, 0x000000070d100000| Untracked 
| 136|0x000000070d200000, 0x000000070d200000, 0x000000070d300000|  0%| F|  |TAMS 0x000000070d200000, 0x000000070d200000| Untracked 
| 137|0x000000070d300000, 0x000000070d300000, 0x000000070d400000|  0%| F|  |TAMS 0x000000070d300000, 0x000000070d300000| Untracked 
| 138|0x000000070d400000, 0x000000070d400000, 0x000000070d500000|  0%| F|  |TAMS 0x000000070d400000, 0x000000070d400000| Untracked 
| 139|0x000000070d500000, 0x000000070d500000, 0x000000070d600000|  0%| F|  |TAMS 0x000000070d500000, 0x000000070d500000| Untracked 
| 140|0x000000070d600000, 0x000000070d600000, 0x000000070d700000|  0%| F|  |TAMS 0x000000070d600000, 0x000000070d600000| Untracked 
| 141|0x000000070d700000, 0x000000070d700000, 0x000000070d800000|  0%| F|  |TAMS 0x000000070d700000, 0x000000070d700000| Untracked 
| 142|0x000000070d800000, 0x000000070d800000, 0x000000070d900000|  0%| F|  |TAMS 0x000000070d800000, 0x000000070d800000| Untracked 
| 143|0x000000070d900000, 0x000000070d900000, 0x000000070da00000|  0%| F|  |TAMS 0x000000070d900000, 0x000000070d900000| Untracked 
| 144|0x000000070da00000, 0x000000070da00000, 0x000000070db00000|  0%| F|  |TAMS 0x000000070da00000, 0x000000070da00000| Untracked 
| 145|0x000000070db00000, 0x000000070db00000, 0x000000070dc00000|  0%| F|  |TAMS 0x000000070db00000, 0x000000070db00000| Untracked 
| 146|0x000000070dc00000, 0x000000070dc00000, 0x000000070dd00000|  0%| F|  |TAMS 0x000000070dc00000, 0x000000070dc00000| Untracked 
| 147|0x000000070dd00000, 0x000000070dd00000, 0x000000070de00000|  0%| F|  |TAMS 0x000000070dd00000, 0x000000070dd00000| Untracked 
| 148|0x000000070de00000, 0x000000070de00000, 0x000000070df00000|  0%| F|  |TAMS 0x000000070de00000, 0x000000070de00000| Untracked 
| 149|0x000000070df00000, 0x000000070df00000, 0x000000070e000000|  0%| F|  |TAMS 0x000000070df00000, 0x000000070df00000| Untracked 
| 150|0x000000070e000000, 0x000000070e000000, 0x000000070e100000|  0%| F|  |TAMS 0x000000070e000000, 0x000000070e000000| Untracked 
| 151|0x000000070e100000, 0x000000070e100000, 0x000000070e200000|  0%| F|  |TAMS 0x000000070e100000, 0x000000070e100000| Untracked 
| 152|0x000000070e200000, 0x000000070e200000, 0x000000070e300000|  0%| F|  |TAMS 0x000000070e200000, 0x000000070e200000| Untracked 
| 153|0x000000070e300000, 0x000000070e300000, 0x000000070e400000|  0%| F|  |TAMS 0x000000070e300000, 0x000000070e300000| Untracked 
| 154|0x000000070e400000, 0x000000070e400000, 0x000000070e500000|  0%| F|  |TAMS 0x000000070e400000, 0x000000070e400000| Untracked 
| 155|0x000000070e500000, 0x000000070e500000, 0x000000070e600000|  0%| F|  |TAMS 0x000000070e500000, 0x000000070e500000| Untracked 
| 156|0x000000070e600000, 0x000000070e600000, 0x000000070e700000|  0%| F|  |TAMS 0x000000070e600000, 0x000000070e600000| Untracked 
| 157|0x000000070e700000, 0x000000070e700000, 0x000000070e800000|  0%| F|  |TAMS 0x000000070e700000, 0x000000070e700000| Untracked 
| 158|0x000000070e800000, 0x000000070e800000, 0x000000070e900000|  0%| F|  |TAMS 0x000000070e800000, 0x000000070e800000| Untracked 
| 159|0x000000070e900000, 0x000000070e900000, 0x000000070ea00000|  0%| F|  |TAMS 0x000000070e900000, 0x000000070e900000| Untracked 
| 160|0x000000070ea00000, 0x000000070ea00000, 0x000000070eb00000|  0%| F|  |TAMS 0x000000070ea00000, 0x000000070ea00000| Untracked 
| 161|0x000000070eb00000, 0x000000070eb00000, 0x000000070ec00000|  0%| F|  |TAMS 0x000000070eb00000, 0x000000070eb00000| Untracked 
| 162|0x000000070ec00000, 0x000000070ec00000, 0x000000070ed00000|  0%| F|  |TAMS 0x000000070ec00000, 0x000000070ec00000| Untracked 
| 163|0x000000070ed00000, 0x000000070ed00000, 0x000000070ee00000|  0%| F|  |TAMS 0x000000070ed00000, 0x000000070ed00000| Untracked 
| 164|0x000000070ee00000, 0x000000070ee00000, 0x000000070ef00000|  0%| F|  |TAMS 0x000000070ee00000, 0x000000070ee00000| Untracked 
| 165|0x000000070ef00000, 0x000000070ef00000, 0x000000070f000000|  0%| F|  |TAMS 0x000000070ef00000, 0x000000070ef00000| Untracked 
| 166|0x000000070f000000, 0x000000070f000000, 0x000000070f100000|  0%| F|  |TAMS 0x000000070f000000, 0x000000070f000000| Untracked 
| 167|0x000000070f100000, 0x000000070f100000, 0x000000070f200000|  0%| F|  |TAMS 0x000000070f100000, 0x000000070f100000| Untracked 
| 168|0x000000070f200000, 0x000000070f200000, 0x000000070f300000|  0%| F|  |TAMS 0x000000070f200000, 0x000000070f200000| Untracked 
| 169|0x000000070f300000, 0x000000070f300000, 0x000000070f400000|  0%| F|  |TAMS 0x000000070f300000, 0x000000070f300000| Untracked 
| 170|0x000000070f400000, 0x000000070f400000, 0x000000070f500000|  0%| F|  |TAMS 0x000000070f400000, 0x000000070f400000| Untracked 
| 171|0x000000070f500000, 0x000000070f500000, 0x000000070f600000|  0%| F|  |TAMS 0x000000070f500000, 0x000000070f500000| Untracked 
| 172|0x000000070f600000, 0x000000070f600000, 0x000000070f700000|  0%| F|  |TAMS 0x000000070f600000, 0x000000070f600000| Untracked 
| 173|0x000000070f700000, 0x000000070f700000, 0x000000070f800000|  0%| F|  |TAMS 0x000000070f700000, 0x000000070f700000| Untracked 
| 174|0x000000070f800000, 0x000000070f800000, 0x000000070f900000|  0%| F|  |TAMS 0x000000070f800000, 0x000000070f800000| Untracked 
| 175|0x000000070f900000, 0x000000070f900000, 0x000000070fa00000|  0%| F|  |TAMS 0x000000070f900000, 0x000000070f900000| Untracked 
| 176|0x000000070fa00000, 0x000000070fa00000, 0x000000070fb00000|  0%| F|  |TAMS 0x000000070fa00000, 0x000000070fa00000| Untracked 
| 177|0x000000070fb00000, 0x000000070fb00000, 0x000000070fc00000|  0%| F|  |TAMS 0x000000070fb00000, 0x000000070fb00000| Untracked 
| 178|0x000000070fc00000, 0x000000070fc00000, 0x000000070fd00000|  0%| F|  |TAMS 0x000000070fc00000, 0x000000070fc00000| Untracked 
| 179|0x000000070fd00000, 0x000000070fd00000, 0x000000070fe00000|  0%| F|  |TAMS 0x000000070fd00000, 0x000000070fd00000| Untracked 
| 180|0x000000070fe00000, 0x000000070fe00000, 0x000000070ff00000|  0%| F|  |TAMS 0x000000070fe00000, 0x000000070fe00000| Untracked 
| 181|0x000000070ff00000, 0x000000070ff00000, 0x0000000710000000|  0%| F|  |TAMS 0x000000070ff00000, 0x000000070ff00000| Untracked 
| 182|0x0000000710000000, 0x0000000710000000, 0x0000000710100000|  0%| F|  |TAMS 0x0000000710000000, 0x0000000710000000| Untracked 
| 183|0x0000000710100000, 0x0000000710100000, 0x0000000710200000|  0%| F|  |TAMS 0x0000000710100000, 0x0000000710100000| Untracked 
| 184|0x0000000710200000, 0x0000000710200000, 0x0000000710300000|  0%| F|  |TAMS 0x0000000710200000, 0x0000000710200000| Untracked 
| 185|0x0000000710300000, 0x0000000710300000, 0x0000000710400000|  0%| F|  |TAMS 0x0000000710300000, 0x0000000710300000| Untracked 
| 186|0x0000000710400000, 0x0000000710400000, 0x0000000710500000|  0%| F|  |TAMS 0x0000000710400000, 0x0000000710400000| Untracked 
| 187|0x0000000710500000, 0x0000000710500000, 0x0000000710600000|  0%| F|  |TAMS 0x0000000710500000, 0x0000000710500000| Untracked 
| 188|0x0000000710600000, 0x0000000710600000, 0x0000000710700000|  0%| F|  |TAMS 0x0000000710600000, 0x0000000710600000| Untracked 
| 189|0x0000000710700000, 0x0000000710700000, 0x0000000710800000|  0%| F|  |TAMS 0x0000000710700000, 0x0000000710700000| Untracked 
| 190|0x0000000710800000, 0x0000000710800000, 0x0000000710900000|  0%| F|  |TAMS 0x0000000710800000, 0x0000000710800000| Untracked 
| 191|0x0000000710900000, 0x0000000710900000, 0x0000000710a00000|  0%| F|  |TAMS 0x0000000710900000, 0x0000000710900000| Untracked 
| 192|0x0000000710a00000, 0x0000000710a00000, 0x0000000710b00000|  0%| F|  |TAMS 0x0000000710a00000, 0x0000000710a00000| Untracked 
| 193|0x0000000710b00000, 0x0000000710b00000, 0x0000000710c00000|  0%| F|  |TAMS 0x0000000710b00000, 0x0000000710b00000| Untracked 
| 194|0x0000000710c00000, 0x0000000710c00000, 0x0000000710d00000|  0%| F|  |TAMS 0x0000000710c00000, 0x0000000710c00000| Untracked 
| 195|0x0000000710d00000, 0x0000000710d00000, 0x0000000710e00000|  0%| F|  |TAMS 0x0000000710d00000, 0x0000000710d00000| Untracked 
| 196|0x0000000710e00000, 0x0000000710e00000, 0x0000000710f00000|  0%| F|  |TAMS 0x0000000710e00000, 0x0000000710e00000| Untracked 
| 197|0x0000000710f00000, 0x0000000710f00000, 0x0000000711000000|  0%| F|  |TAMS 0x0000000710f00000, 0x0000000710f00000| Untracked 
| 198|0x0000000711000000, 0x0000000711000000, 0x0000000711100000|  0%| F|  |TAMS 0x0000000711000000, 0x0000000711000000| Untracked 
| 199|0x0000000711100000, 0x0000000711100000, 0x0000000711200000|  0%| F|  |TAMS 0x0000000711100000, 0x0000000711100000| Untracked 
| 200|0x0000000711200000, 0x0000000711200000, 0x0000000711300000|  0%| F|  |TAMS 0x0000000711200000, 0x0000000711200000| Untracked 
| 201|0x0000000711300000, 0x0000000711300000, 0x0000000711400000|  0%| F|  |TAMS 0x0000000711300000, 0x0000000711300000| Untracked 
| 202|0x0000000711400000, 0x0000000711400000, 0x0000000711500000|  0%| F|  |TAMS 0x0000000711400000, 0x0000000711400000| Untracked 
| 203|0x0000000711500000, 0x0000000711500000, 0x0000000711600000|  0%| F|  |TAMS 0x0000000711500000, 0x0000000711500000| Untracked 
| 204|0x0000000711600000, 0x0000000711600000, 0x0000000711700000|  0%| F|  |TAMS 0x0000000711600000, 0x0000000711600000| Untracked 
| 205|0x0000000711700000, 0x0000000711700000, 0x0000000711800000|  0%| F|  |TAMS 0x0000000711700000, 0x0000000711700000| Untracked 
| 206|0x0000000711800000, 0x0000000711800000, 0x0000000711900000|  0%| F|  |TAMS 0x0000000711800000, 0x0000000711800000| Untracked 
| 207|0x0000000711900000, 0x0000000711900000, 0x0000000711a00000|  0%| F|  |TAMS 0x0000000711900000, 0x0000000711900000| Untracked 
| 208|0x0000000711a00000, 0x0000000711a00000, 0x0000000711b00000|  0%| F|  |TAMS 0x0000000711a00000, 0x0000000711a00000| Untracked 
| 209|0x0000000711b00000, 0x0000000711b00000, 0x0000000711c00000|  0%| F|  |TAMS 0x0000000711b00000, 0x0000000711b00000| Untracked 
| 210|0x0000000711c00000, 0x0000000711c00000, 0x0000000711d00000|  0%| F|  |TAMS 0x0000000711c00000, 0x0000000711c00000| Untracked 
| 211|0x0000000711d00000, 0x0000000711d00000, 0x0000000711e00000|  0%| F|  |TAMS 0x0000000711d00000, 0x0000000711d00000| Untracked 
| 212|0x0000000711e00000, 0x0000000711e00000, 0x0000000711f00000|  0%| F|  |TAMS 0x0000000711e00000, 0x0000000711e00000| Untracked 
| 213|0x0000000711f00000, 0x0000000711f00000, 0x0000000712000000|  0%| F|  |TAMS 0x0000000711f00000, 0x0000000711f00000| Untracked 
| 214|0x0000000712000000, 0x0000000712000000, 0x0000000712100000|  0%| F|  |TAMS 0x0000000712000000, 0x0000000712000000| Untracked 
| 215|0x0000000712100000, 0x0000000712100000, 0x0000000712200000|  0%| F|  |TAMS 0x0000000712100000, 0x0000000712100000| Untracked 
| 216|0x0000000712200000, 0x0000000712200000, 0x0000000712300000|  0%| F|  |TAMS 0x0000000712200000, 0x0000000712200000| Untracked 
| 217|0x0000000712300000, 0x0000000712300000, 0x0000000712400000|  0%| F|  |TAMS 0x0000000712300000, 0x0000000712300000| Untracked 
| 218|0x0000000712400000, 0x0000000712400000, 0x0000000712500000|  0%| F|  |TAMS 0x0000000712400000, 0x0000000712400000| Untracked 
| 219|0x0000000712500000, 0x0000000712500000, 0x0000000712600000|  0%| F|  |TAMS 0x0000000712500000, 0x0000000712500000| Untracked 
| 220|0x0000000712600000, 0x0000000712600000, 0x0000000712700000|  0%| F|  |TAMS 0x0000000712600000, 0x0000000712600000| Untracked 
| 221|0x0000000712700000, 0x0000000712700000, 0x0000000712800000|  0%| F|  |TAMS 0x0000000712700000, 0x0000000712700000| Untracked 
| 222|0x0000000712800000, 0x0000000712800000, 0x0000000712900000|  0%| F|  |TAMS 0x0000000712800000, 0x0000000712800000| Untracked 
| 223|0x0000000712900000, 0x0000000712900000, 0x0000000712a00000|  0%| F|  |TAMS 0x0000000712900000, 0x0000000712900000| Untracked 
| 224|0x0000000712a00000, 0x0000000712a00000, 0x0000000712b00000|  0%| F|  |TAMS 0x0000000712a00000, 0x0000000712a00000| Untracked 
| 225|0x0000000712b00000, 0x0000000712b00000, 0x0000000712c00000|  0%| F|  |TAMS 0x0000000712b00000, 0x0000000712b00000| Untracked 
| 226|0x0000000712c00000, 0x0000000712c00000, 0x0000000712d00000|  0%| F|  |TAMS 0x0000000712c00000, 0x0000000712c00000| Untracked 
| 227|0x0000000712d00000, 0x0000000712d00000, 0x0000000712e00000|  0%| F|  |TAMS 0x0000000712d00000, 0x0000000712d00000| Untracked 
| 228|0x0000000712e00000, 0x0000000712e00000, 0x0000000712f00000|  0%| F|  |TAMS 0x0000000712e00000, 0x0000000712e00000| Untracked 
| 229|0x0000000712f00000, 0x0000000712f00000, 0x0000000713000000|  0%| F|  |TAMS 0x0000000712f00000, 0x0000000712f00000| Untracked 
| 230|0x0000000713000000, 0x0000000713000000, 0x0000000713100000|  0%| F|  |TAMS 0x0000000713000000, 0x0000000713000000| Untracked 
| 231|0x0000000713100000, 0x0000000713100000, 0x0000000713200000|  0%| F|  |TAMS 0x0000000713100000, 0x0000000713100000| Untracked 
| 232|0x0000000713200000, 0x0000000713200000, 0x0000000713300000|  0%| F|  |TAMS 0x0000000713200000, 0x0000000713200000| Untracked 
| 233|0x0000000713300000, 0x0000000713300000, 0x0000000713400000|  0%| F|  |TAMS 0x0000000713300000, 0x0000000713300000| Untracked 
| 234|0x0000000713400000, 0x0000000713400000, 0x0000000713500000|  0%| F|  |TAMS 0x0000000713400000, 0x0000000713400000| Untracked 
| 235|0x0000000713500000, 0x0000000713500000, 0x0000000713600000|  0%| F|  |TAMS 0x0000000713500000, 0x0000000713500000| Untracked 
| 236|0x0000000713600000, 0x0000000713600000, 0x0000000713700000|  0%| F|  |TAMS 0x0000000713600000, 0x0000000713600000| Untracked 
| 237|0x0000000713700000, 0x0000000713700000, 0x0000000713800000|  0%| F|  |TAMS 0x0000000713700000, 0x0000000713700000| Untracked 
| 238|0x0000000713800000, 0x0000000713800000, 0x0000000713900000|  0%| F|  |TAMS 0x0000000713800000, 0x0000000713800000| Untracked 
| 239|0x0000000713900000, 0x0000000713900000, 0x0000000713a00000|  0%| F|  |TAMS 0x0000000713900000, 0x0000000713900000| Untracked 
| 240|0x0000000713a00000, 0x0000000713a00000, 0x0000000713b00000|  0%| F|  |TAMS 0x0000000713a00000, 0x0000000713a00000| Untracked 
| 241|0x0000000713b00000, 0x0000000713b00000, 0x0000000713c00000|  0%| F|  |TAMS 0x0000000713b00000, 0x0000000713b00000| Untracked 
| 242|0x0000000713c00000, 0x0000000713c00000, 0x0000000713d00000|  0%| F|  |TAMS 0x0000000713c00000, 0x0000000713c00000| Untracked 
| 243|0x0000000713d00000, 0x0000000713d00000, 0x0000000713e00000|  0%| F|  |TAMS 0x0000000713d00000, 0x0000000713d00000| Untracked 
| 244|0x0000000713e00000, 0x0000000713e00000, 0x0000000713f00000|  0%| F|  |TAMS 0x0000000713e00000, 0x0000000713e00000| Untracked 
| 245|0x0000000713f00000, 0x0000000713f7f6c0, 0x0000000714000000| 49%| E|  |TAMS 0x0000000713f00000, 0x0000000713f00000| Complete 
| 246|0x0000000714000000, 0x0000000714100000, 0x0000000714100000|100%| E|CS|TAMS 0x0000000714000000, 0x0000000714000000| Complete 
| 247|0x0000000714100000, 0x0000000714200000, 0x0000000714200000|100%| E|CS|TAMS 0x0000000714100000, 0x0000000714100000| Complete 
| 248|0x0000000714200000, 0x0000000714300000, 0x0000000714300000|100%| E|CS|TAMS 0x0000000714200000, 0x0000000714200000| Complete 
| 249|0x0000000714300000, 0x0000000714400000, 0x0000000714400000|100%| E|CS|TAMS 0x0000000714300000, 0x0000000714300000| Complete 
| 250|0x0000000714400000, 0x0000000714500000, 0x0000000714500000|100%| E|CS|TAMS 0x0000000714400000, 0x0000000714400000| Complete 
| 251|0x0000000714500000, 0x0000000714600000, 0x0000000714600000|100%| E|CS|TAMS 0x0000000714500000, 0x0000000714500000| Complete 

Card table byte_map: [0x000002ee6b600000,0x000002ee6bde0000] _byte_map_base: 0x000002ee67ddb000

Marking Bits (Prev, Next): (CMBitMap*) 0x000002ee512ee998, (CMBitMap*) 0x000002ee512ee9d8
 Prev Bits: [0x000002ee6c5c0000, 0x000002ee70498000)
 Next Bits: [0x000002ee704a0000, 0x000002ee74378000)

Polling page: 0x000002ee50c50000

Metaspace:

Usage:
  Non-class:      4.57 MB capacity,     2.76 MB ( 60%) used,     1.81 MB ( 40%) free+waste,     3.63 KB ( <1%) overhead. 
      Class:    449.00 KB capacity,   268.51 KB ( 60%) used,   178.62 KB ( 40%) free+waste,     1.88 KB ( <1%) overhead. 
       Both:      5.01 MB capacity,     3.02 MB ( 60%) used,     1.98 MB ( 40%) free+waste,     5.50 KB ( <1%) overhead. 

Virtual space:
  Non-class space:        8.00 MB reserved,       4.75 MB ( 59%) committed 
      Class space:        1.00 GB reserved,     512.00 KB ( <1%) committed 
             Both:        1.01 GB reserved,       5.25 MB ( <1%) committed 

Chunk freelists:
   Non-Class:  7.25 KB
       Class:  3.88 KB
        Both:  11.13 KB

CodeHeap 'non-profiled nmethods': size=120000Kb used=146Kb max_used=146Kb free=119853Kb
 bounds [0x000002ee62c70000, 0x000002ee62ee0000, 0x000002ee6a1a0000]
CodeHeap 'profiled nmethods': size=120000Kb used=815Kb max_used=815Kb free=119184Kb
 bounds [0x000002ee5b740000, 0x000002ee5b9b0000, 0x000002ee62c70000]
CodeHeap 'non-nmethods': size=5760Kb used=1162Kb max_used=1179Kb free=4597Kb
 bounds [0x000002ee5b1a0000, 0x000002ee5b410000, 0x000002ee5b740000]
 total_blobs=965 nmethods=437 adapters=277
 compilation: enabled
              stopped_count=0, restarted_count=0
 full_count=0

Compilation events (10 events):
Event: 36696.267 Thread 0x000002ee77a0e000  480       3       org.eclipse.jdt.launching.internal.org.objectweb.asm.MethodWriter::visitMethodInsn (191 bytes)
Event: 36696.267 Thread 0x000002ee77a0e000 nmethod 480 0x000002ee5b759910 code [0x000002ee5b759b80, 0x000002ee5b75a530]
Event: 36696.267 Thread 0x000002ee77a0e000  481       3       org.eclipse.jdt.launching.internal.org.objectweb.asm.SymbolTable$Entry::<init> (18 bytes)
Event: 36696.267 Thread 0x000002ee77a0e000 nmethod 481 0x000002ee5b751590 code [0x000002ee5b751760, 0x000002ee5b751970]
Event: 36696.267 Thread 0x000002ee77a0e000  482       1       org.eclipse.jdt.launching.internal.org.objectweb.asm.SymbolTable::getMajorVersion (5 bytes)
Event: 36696.267 Thread 0x000002ee77a0e000 nmethod 482 0x000002ee62c7e310 code [0x000002ee62c7e4c0, 0x000002ee62c7e5f8]
Event: 36696.268 Thread 0x000002ee77a0e000  483       3       org.eclipse.jdt.launching.internal.org.objectweb.asm.MethodWriter::visitTypeInsn (116 bytes)
Event: 36696.268 Thread 0x000002ee77a0e000 nmethod 483 0x000002ee5b75e190 code [0x000002ee5b75e3a0, 0x000002ee5b75e8d0]
Event: 36696.268 Thread 0x000002ee77a0e000  484       3       org.eclipse.jdt.launching.internal.org.objectweb.asm.ByteVector::putByteArray (49 bytes)
Event: 36696.269 Thread 0x000002ee77a0e000 nmethod 484 0x000002ee5b758790 code [0x000002ee5b758960, 0x000002ee5b758ca0]

GC Heap History (0 events):
No events

Deoptimization events (6 events):
Event: 0.415 Thread 0x000002ee51286800 Uncommon trap: reason=class_check action=maybe_recompile pc=0x000002ee62c7deec method=java.util.HashMap.putVal(ILjava/lang/Object;Ljava/lang/Object;ZZ)Ljava/lang/Object; @ 152 c2
Event: 0.416 Thread 0x000002ee779da800 Uncommon trap: reason=class_check action=maybe_recompile pc=0x000002ee62c7deec method=java.util.HashMap.putVal(ILjava/lang/Object;Ljava/lang/Object;ZZ)Ljava/lang/Object; @ 152 c2
Event: 0.416 Thread 0x000002ee779da800 Uncommon trap: reason=class_check action=maybe_recompile pc=0x000002ee62c7deec method=java.util.HashMap.putVal(ILjava/lang/Object;Ljava/lang/Object;ZZ)Ljava/lang/Object; @ 152 c2
Event: 0.416 Thread 0x000002ee779da800 Uncommon trap: reason=class_check action=maybe_recompile pc=0x000002ee62c7deec method=java.util.HashMap.putVal(ILjava/lang/Object;Ljava/lang/Object;ZZ)Ljava/lang/Object; @ 152 c2
Event: 0.491 Thread 0x000002ee51286800 Uncommon trap: reason=unstable_if action=reinterpret pc=0x000002ee62c83f00 method=java.util.HashMap.putVal(ILjava/lang/Object;Ljava/lang/Object;ZZ)Ljava/lang/Object; @ 181 c2
Event: 0.502 Thread 0x000002ee51286800 Uncommon trap: reason=unstable_if action=reinterpret pc=0x000002ee62c7e9ac method=java.lang.String.isLatin1()Z @ 10 c2

Classes redefined (5 events):
Event: 36413.112 Thread 0x000002ee779b2000 redefined class name=EventCustomerThread, count=1
Event: 36521.758 Thread 0x000002ee779b2000 redefined class name=EventCustomerThread, count=2
Event: 36684.014 Thread 0x000002ee779b2000 redefined class name=EventCustomerThread, count=3
Event: 36692.991 Thread 0x000002ee779b2000 redefined class name=EventCustomerThread, count=4
Event: 36696.271 Thread 0x000002ee779b2000 redefined class name=EventCustomerThread, count=5

Internal exceptions (0 events):
No events

Events (10 events):
Event: 36696.279 Executing VM operation: GetStackTrace
Event: 36696.279 Executing VM operation: GetStackTrace done
Event: 36696.343 Executing VM operation: GetFrameCount
Event: 36696.343 Executing VM operation: GetFrameCount done
Event: 36696.343 Executing VM operation: GetOwnedMonitorInfo
Event: 36696.343 Executing VM operation: GetOwnedMonitorInfo done
Event: 36696.344 Executing VM operation: GetCurrentContendedMonitor
Event: 36696.344 Executing VM operation: GetCurrentContendedMonitor done
Event: 36696.346 Executing VM operation: GetFrameLocation
Event: 36696.346 Executing VM operation: GetFrameLocation done


Dynamic libraries:
0x00007ff6d54e0000 - 0x00007ff6d54ed000 	C:\Soumyajit\LP\Softwares\openjdk-12_windows-x64_bin\jdk-12\bin\javaw.exe
0x000002ee50f90000 - 0x000002ee5117d000 	C:\WINDOWS\SYSTEM32\ntd1l.dll
0x000002ee51180000 - 0x000002ee51233000 	C:\WINDOWS\System32\kern3l32.dll
0x00007ffc09110000 - 0x00007ffc092fd000 	C:\WINDOWS\SYSTEM32\ntdll.dll
0x00007ffc06cf0000 - 0x00007ffc06da3000 	C:\WINDOWS\System32\KERNEL32.DLL
0x00007ffc05750000 - 0x00007ffc059e5000 	C:\WINDOWS\System32\KERNELBASE.dll
0x00007ffc04d60000 - 0x00007ffc04ef7000 	C:\Program Files\SentinelOne\Sentinel Agent 4.1.4.82\InProcessClient64.dll
0x00007ffc06e50000 - 0x00007ffc06ef3000 	C:\WINDOWS\System32\ADVAPI32.dll
0x00007ffc06790000 - 0x00007ffc0682e000 	C:\WINDOWS\System32\msvcrt.dll
0x00007ffc066f0000 - 0x00007ffc0678e000 	C:\WINDOWS\System32\sechost.dll
0x00007ffc065c0000 - 0x00007ffc066e2000 	C:\WINDOWS\System32\RPCRT4.dll
0x00007ffc05600000 - 0x00007ffc056fa000 	C:\WINDOWS\System32\ucrtbase.dll
0x00007ffbee260000 - 0x00007ffbee276000 	C:\Soumyajit\LP\Softwares\openjdk-12_windows-x64_bin\jdk-12\bin\VCRUNTIME140.dll
0x00007ffbec8b0000 - 0x00007ffbec8c7000 	C:\Soumyajit\LP\Softwares\openjdk-12_windows-x64_bin\jdk-12\bin\jli.dll
0x00007ffc07120000 - 0x00007ffc072b7000 	C:\WINDOWS\System32\USER32.dll
0x00007ffc06140000 - 0x00007ffc06160000 	C:\WINDOWS\System32\win32u.dll
0x00007ffbea870000 - 0x00007ffbeaae9000 	C:\WINDOWS\WinSxS\amd64_microsoft.windows.common-controls_6595b64144ccf1df_6.0.17763.1282_none_de75b6f253473c0f\COMCTL32.dll
0x00007ffc07340000 - 0x00007ffc07369000 	C:\WINDOWS\System32\GDI32.dll
0x00007ffc051d0000 - 0x00007ffc0536a000 	C:\WINDOWS\System32\gdi32full.dll
0x00007ffc069c0000 - 0x00007ffc06cec000 	C:\WINDOWS\System32\combase.dll
0x00007ffc06210000 - 0x00007ffc062b0000 	C:\WINDOWS\System32\msvcp_win.dll
0x00007ffc062b0000 - 0x00007ffc0632e000 	C:\WINDOWS\System32\bcryptPrimitives.dll
0x00007ffc06db0000 - 0x00007ffc06dde000 	C:\WINDOWS\System32\IMM32.DLL
0x00007ffc04d00000 - 0x00007ffc04d0a000 	C:\WINDOWS\SYSTEM32\VERSION.dll
0x00007ffbd9e50000 - 0x00007ffbd9efa000 	C:\Soumyajit\LP\Softwares\openjdk-12_windows-x64_bin\jdk-12\bin\msvcp140.dll
0x00007ffb8a510000 - 0x00007ffb8b084000 	C:\Soumyajit\LP\Softwares\openjdk-12_windows-x64_bin\jdk-12\bin\server\jvm.dll
0x00007ffc07110000 - 0x00007ffc07118000 	C:\WINDOWS\System32\PSAPI.DLL
0x00007ffbf1d50000 - 0x00007ffbf1d59000 	C:\WINDOWS\SYSTEM32\WSOCK32.dll
0x00007ffc06de0000 - 0x00007ffc06e4d000 	C:\WINDOWS\System32\WS2_32.dll
0x00007ffc02b30000 - 0x00007ffc02b54000 	C:\WINDOWS\SYSTEM32\WINMM.dll
0x00007ffc02b00000 - 0x00007ffc02b2d000 	C:\WINDOWS\SYSTEM32\WINMMBASE.dll
0x00007ffc05370000 - 0x00007ffc053ba000 	C:\WINDOWS\System32\cfgmgr32.dll
0x00007ffc05190000 - 0x00007ffc051a1000 	C:\WINDOWS\System32\kernel.appcore.dll
0x00007ffbeba40000 - 0x00007ffbeba51000 	C:\Soumyajit\LP\Softwares\openjdk-12_windows-x64_bin\jdk-12\bin\verify.dll
0x00007ffc03640000 - 0x00007ffc0382d000 	C:\WINDOWS\SYSTEM32\DBGHELP.DLL
0x00007ffbedf10000 - 0x00007ffbedf3a000 	C:\WINDOWS\SYSTEM32\dbgcore.DLL
0x00007ffbe3400000 - 0x00007ffbe3426000 	C:\Soumyajit\LP\Softwares\openjdk-12_windows-x64_bin\jdk-12\bin\java.dll
0x00007ffbe2ef0000 - 0x00007ffbe2f28000 	C:\Soumyajit\LP\Softwares\openjdk-12_windows-x64_bin\jdk-12\bin\jdwp.dll
0x00007ffbfe100000 - 0x00007ffbfe10e000 	C:\Soumyajit\LP\Softwares\openjdk-12_windows-x64_bin\jdk-12\bin\instrument.dll
0x00007ffbe3590000 - 0x00007ffbe35a7000 	C:\Soumyajit\LP\Softwares\openjdk-12_windows-x64_bin\jdk-12\bin\zip.dll
0x00007ffbf4800000 - 0x00007ffbf480a000 	C:\Soumyajit\LP\Softwares\openjdk-12_windows-x64_bin\jdk-12\bin\jimage.dll
0x00007ffc07a70000 - 0x00007ffc08f68000 	C:\WINDOWS\System32\SHELL32.dll
0x00007ffc06850000 - 0x00007ffc068f8000 	C:\WINDOWS\System32\shcore.dll
0x00007ffc059f0000 - 0x00007ffc0613f000 	C:\WINDOWS\System32\windows.storage.dll
0x00007ffc05100000 - 0x00007ffc05124000 	C:\WINDOWS\System32\profapi.dll
0x00007ffc05130000 - 0x00007ffc0518d000 	C:\WINDOWS\System32\powrprof.dll
0x00007ffc06960000 - 0x00007ffc069b2000 	C:\WINDOWS\System32\shlwapi.dll
0x00007ffc05730000 - 0x00007ffc05747000 	C:\WINDOWS\System32\cryptsp.dll
0x00007ffbf2430000 - 0x00007ffbf243a000 	C:\Soumyajit\LP\Softwares\openjdk-12_windows-x64_bin\jdk-12\bin\dt_socket.dll
0x00007ffc04760000 - 0x00007ffc047c7000 	C:\WINDOWS\System32\mswsock.dll
0x00007ffc044e0000 - 0x00007ffc045a7000 	C:\WINDOWS\SYSTEM32\DNSAPI.dll
0x00007ffc06340000 - 0x00007ffc06348000 	C:\WINDOWS\System32\NSI.dll
0x00007ffc04490000 - 0x00007ffc044cd000 	C:\WINDOWS\SYSTEM32\IPHLPAPI.DLL
0x00007ffbfe730000 - 0x00007ffbfe7a9000 	C:\WINDOWS\System32\fwpuclnt.dll
0x00007ffc05700000 - 0x00007ffc05726000 	C:\WINDOWS\System32\bcrypt.dll
0x00007ffbf66c0000 - 0x00007ffbf66ca000 	C:\Windows\System32\rasadhlp.dll
0x00007ffbe3480000 - 0x00007ffbe3499000 	C:\Soumyajit\LP\Softwares\openjdk-12_windows-x64_bin\jdk-12\bin\net.dll
0x00007ffbff5f0000 - 0x00007ffbff6e2000 	C:\WINDOWS\SYSTEM32\WINHTTP.dll
0x00007ffbf57a0000 - 0x00007ffbf5977000 	C:\WINDOWS\SYSTEM32\urlmon.dll
0x00007ffbf5210000 - 0x00007ffbf54b8000 	C:\WINDOWS\SYSTEM32\iertutil.dll
0x00007ffc04990000 - 0x00007ffc0499c000 	C:\WINDOWS\SYSTEM32\CRYPTBASE.DLL
0x00007ffbe2c40000 - 0x00007ffbe2c53000 	C:\Soumyajit\LP\Softwares\openjdk-12_windows-x64_bin\jdk-12\bin\nio.dll

dbghelp: loaded successfully - version: 4.0.5 - missing functions: none
symbol engine: initialized successfully - sym options: 0x614 - pdb path: .;C:\Soumyajit\LP\Softwares\openjdk-12_windows-x64_bin\jdk-12\bin;C:\WINDOWS\SYSTEM32;C:\Program Files\SentinelOne\Sentinel Agent 4.1.4.82;C:\WINDOWS\WinSxS\amd64_microsoft.windows.common-controls_6595b64144ccf1df_6.0.17763.1282_none_de75b6f253473c0f;C:\Soumyajit\LP\Softwares\openjdk-12_windows-x64_bin\jdk-12\bin\server

VM Arguments:
jvm_args: -agentlib:jdwp=transport=dt_socket,suspend=y,address=localhost:56185 -javaagent:C:\Users\sdhal\Downloads\sts-4.6.0.RELEASE\configuration\org.eclipse.osgi\245\0\.cp\lib\javaagent-shaded.jar -Dfile.encoding=Cp1252 
java_command: EventCustomerThread
java_class_path (initial): C:\Users\sdhal\Documents\workspace-spring-tool-suite-4-4.6.0.RELEASE\DR-Validate\bin;C:\Users\sdhal\Downloads\org.json.jar\org.json.jar;C:\Users\sdhal\Downloads\mysql-connector.jar\mysql-connector.jar
Launcher Type: SUN_STANDARD

[Global flags]
     intx CICompilerCount                          = 4                                         {product} {ergonomic}
     uint ConcGCThreads                            = 3                                         {product} {ergonomic}
     uint G1ConcRefinementThreads                  = 10                                        {product} {ergonomic}
   size_t G1HeapRegionSize                         = 1048576                                   {product} {ergonomic}
    uintx GCDrainStackTargetSize                   = 64                                        {product} {ergonomic}
   size_t InitialHeapSize                          = 264241152                                 {product} {ergonomic}
   size_t MarkStackSize                            = 4194304                                   {product} {ergonomic}
   size_t MaxHeapSize                              = 4217372672                                {product} {ergonomic}
   size_t MaxNewSize                               = 2530213888                                {product} {ergonomic}
   size_t MinHeapDeltaBytes                        = 1048576                                   {product} {ergonomic}
    uintx NonNMethodCodeHeapSize                   = 5836300                                {pd product} {ergonomic}
    uintx NonProfiledCodeHeapSize                  = 122910970                              {pd product} {ergonomic}
    uintx ProfiledCodeHeapSize                     = 122910970                              {pd product} {ergonomic}
    uintx ReservedCodeCacheSize                    = 251658240                              {pd product} {ergonomic}
     bool SegmentedCodeCache                       = true                                      {product} {ergonomic}
     bool UseCompressedClassPointers               = true                                 {lp64_product} {ergonomic}
     bool UseCompressedOops                        = true                                 {lp64_product} {ergonomic}
     bool UseG1GC                                  = true                                      {product} {ergonomic}
     bool UseLargePagesIndividualAllocation        = false                                  {pd product} {ergonomic}

Logging:
Log output configuration:
 #0: stdout all=warning uptime,level,tags
 #1: stderr all=off uptime,level,tags

Environment Variables:
JAVA_HOME=C:\Soumyajit\LP\Softwares\openjdk-12_windows-x64_bin\jdk-12
JRE_HOME=C:\Program Files\Java\jre1.8.0_60
PATH=C:/Program Files/Java/jre1.8.0_221/bin/server;C:/Program Files/Java/jre1.8.0_221/bin;C:/Program Files/Java/jre1.8.0_221/lib/amd64;C:\Program Files (x86)\Common Files\Oracle\Java\javapath;C:\WINDOWS\system32;C:\WINDOWS;C:\WINDOWS\System32\Wbem;C:\WINDOWS\System32\WindowsPowerShell\v1.0\;C:\WINDOWS\System32\OpenSSH\;C:\WINDOWS\CCM;C:\WINDOWS\CCM;C:\Program Files\Intel\WiFi\bin\;C:\Program Files\Common Files\Intel\WirelessCommon\;C:\Program Files (x86)\Symantec\VIP Access Client\;C:\Program Files\nodejs\;C:\Soumyajit\Softwares;%JAVA_HOME%;C:\PostgreSQL\pg94\bin;C:\Program Files\Git\cmd;C:\Ruby26-x64;C:\Soumyajit\LP\Softwares\Make;C:\Program Files (x86)\GnuWin32\bin;C:\jdk-12.0.0\bin;C:\Program Files\PuTTY\;C:\Ruby26-x64\bin;C:\Users\sdhal\AppData\Local\Microsoft\WindowsApps;C:\Users\sdhal\AppData\Roaming\npm;C:\Soumyajit\LP\Softwares\openjdk-12_windows-x64_bin\jdk-12;C:\Users\sdhal\AppData\Local\Programs\Microsoft VS Code\bin;C:\Soumyajit\LP\Softwares\Make;C:\Program Files (x86)\GnuWin32\bin;;C:\Users\sdhal\Downloads\sts-4.6.0.RELEASE;
USERNAME=sdhal
OS=Windows_NT
PROCESSOR_IDENTIFIER=Intel64 Family 6 Model 158 Stepping 10, GenuineIntel



---------------  S Y S T E M  ---------------

OS: Windows 10 , 64 bit Build 17763 (10.0.17763.1158)

CPU:total 12 (initial active 12) (6 cores per cpu, 2 threads per core) family 6 model 158 stepping 10, cmov, cx8, fxsr, mmx, sse, sse2, sse3, ssse3, sse4.1, sse4.2, popcnt, avx, avx2, aes, clmul, erms, rtm, 3dnowpref, lzcnt, ht, tsc, tscinvbit, bmi1, bmi2, adx, fma

Memory: 4k page, system-wide physical 16086M (2505M free)
TotalPageFile size 37590M (AvailPageFile size 10373M)
current process WorkingSet (physical memory assigned to process): 36M, peak: 51M
current process commit charge ("private bytes"): 360M, peak: 368M

vm_info: OpenJDK 64-Bit Server VM (12+33) for windows-amd64 JRE (12+33), built on Feb 21 2019 02:28:07 by "mach5one" with MS VC++ 15.5 (VS2017)

END.
